averageRuns.sh functions_copy.py main_copy.py Old Outputs parameters.py __pycache__ runScript.sh run.sh runTotalFscript.sh totalAverageRuns.sh
Running jobs multiple times
averageRuns.sh functions_copy.py main_copy.py Old Outputs parameters.py __pycache__ runScript.sh run.sh runTotalFscript.sh totalAverageRuns.sh
The task id is 5
p/q: [0.04835429 0.04835429]/2.4816827537328672e-05
The length of the cut: 21
The degrees on the cut: Counter({1: 42})
The excess inner degrees: [{38: 58, 69: 48, 124: 42, 131: 47, 142: 52, 179: 35, 307: 61, 360: 64, 458: 50, 530: 51, 577: 48, 581: 55, 651: 53, 668: 39, 681: 38, 695: 48, 764: 40, 797: 50, 874: 57, 967: 29, 993: 52}, {1534: 54, 1457: 42, 1512: 53, 1087: 55, 1255: 44, 1209: 49, 1102: 44, 1972: 39, 1655: 57, 1698: 37, 1581: 36, 1771: 46, 1600: 56, 1472: 67, 1321: 52, 1643: 51, 1351: 44, 1658: 46, 1952: 43, 1303: 51, 1025: 52}]
The min degree: 24
n of faulty nodes: 42
n of redundant nodes: 150
IT: 0

Calculate the potentials...
Obtain community median...
Data saved to file.
Obtain the external medians...
IT: 1

Calculate the potentials...
Obtain community median...
Data saved to file.
Obtain the external medians...
IT: 2

Calculate the potentials...
Obtain community median...
Data saved to file.
Obtain the external medians...
IT: 3

Calculate the potentials...
Obtain community median...
Data saved to file.
Obtain the external medians...
IT: 4

Calculate the potentials...
Obtain community median...
Data saved to file.
Obtain the external medians...
IT: 5

Calculate the potentials...
Obtain community median...
Data saved to file.
Obtain the external medians...
IT: 6

Calculate the potentials...
Obtain community median...
Data saved to file.
Obtain the external medians...
IT: 7

Calculate the potentials...
Obtain community median...
Data saved to file.
Obtain the external medians...
IT: 8

Calculate the potentials...
Obtain community median...
Data saved to file.
Obtain the external medians...
IT: 9

Calculate the potentials...
Obtain community median...
Data saved to file.
Obtain the external medians...
IT: 10

Calculate the potentials...
Obtain community median...
Data saved to file.
Obtain the external medians...
IT: 11

Calculate the potentials...
Obtain community median...
Data saved to file.
Obtain the external medians...
IT: 12

Calculate the potentials...
Obtain community median...
Data saved to file.
Obtain the external medians...
IT: 13

Calculate the potentials...
Obtain community median...
Data saved to file.
Obtain the external medians...
IT: 14

Calculate the potentials...
Obtain community median...
Data saved to file.
Obtain the external medians...
IT: 15

Calculate the potentials...
Obtain community median...
Data saved to file.
Obtain the external medians...
IT: 16

Calculate the potentials...
Obtain community median...
Data saved to file.
Obtain the external medians...
IT: 17

Calculate the potentials...
Obtain community median...
Data saved to file.
Obtain the external medians...
IT: 18

Calculate the potentials...
Obtain community median...
Data saved to file.
Obtain the external medians...
IT: 19

Calculate the potentials...
Obtain community median...
Data saved to file.
Obtain the external medians...
IT: 20

Calculate the potentials...
Obtain community median...
Data saved to file.
Obtain the external medians...
IT: 21

Calculate the potentials...
Obtain community median...
Data saved to file.
Obtain the external medians...
IT: 22

Calculate the potentials...
Obtain community median...
Data saved to file.
Obtain the external medians...
IT: 23

Calculate the potentials...
Obtain community median...
Data saved to file.
Obtain the external medians...
IT: 24

Calculate the potentials...
Obtain community median...
Data saved to file.
Obtain the external medians...
IT: 25

Calculate the potentials...
Obtain community median...
Data saved to file.
Obtain the external medians...
IT: 26

Calculate the potentials...
Obtain community median...
Data saved to file.
Obtain the external medians...
IT: 27

Calculate the potentials...
Obtain community median...
Data saved to file.
Obtain the external medians...
IT: 28

Calculate the potentials...
Obtain community median...
Data saved to file.
Obtain the external medians...
IT: 29

Calculate the potentials...
Obtain community median...
Data saved to file.
Obtain the external medians...
IT: 30

Calculate the potentials...
Obtain community median...
Data saved to file.
Obtain the external medians...
IT: 31

Calculate the potentials...
Obtain community median...
Data saved to file.
Obtain the external medians...
IT: 32

Calculate the potentials...
Obtain community median...
Data saved to file.
Obtain the external medians...
IT: 33

Calculate the potentials...
Obtain community median...
Data saved to file.
Obtain the external medians...
IT: 34

Calculate the potentials...
Obtain community median...
Data saved to file.
Obtain the external medians...
IT: 35

Calculate the potentials...
Obtain community median...
Data saved to file.
Obtain the external medians...
IT: 36

Calculate the potentials...
Obtain community median...
Data saved to file.
Obtain the external medians...
IT: 37

Calculate the potentials...
Obtain community median...
Data saved to file.
Obtain the external medians...
IT: 38

Calculate the potentials...
Obtain community median...
Data saved to file.
Obtain the external medians...
IT: 39

Calculate the potentials...
Obtain community median...
Data saved to file.
Obtain the external medians...
IT: 40

Calculate the potentials...
Obtain community median...
Data saved to file.
Obtain the external medians...
IT: 41

Calculate the potentials...
Obtain community median...
Data saved to file.
Obtain the external medians...
IT: 42

Calculate the potentials...
Obtain community median...
Data saved to file.
Obtain the external medians...
IT: 43

Calculate the potentials...
Obtain community median...
Data saved to file.
Obtain the external medians...
IT: 44

Calculate the potentials...
Obtain community median...
Data saved to file.
Obtain the external medians...
IT: 45

Calculate the potentials...
Obtain community median...
Data saved to file.
Obtain the external medians...
IT: 46

Calculate the potentials...
Obtain community median...
Data saved to file.
Obtain the external medians...
IT: 47

Calculate the potentials...
Obtain community median...
Data saved to file.
Obtain the external medians...
IT: 48

Calculate the potentials...
Obtain community median...
Data saved to file.
Obtain the external medians...
IT: 49

Calculate the potentials...
Obtain community median...
Data saved to file.
Obtain the external medians...
IT: 50

Calculate the potentials...
Obtain community median...
Data saved to file.
Obtain the external medians...
IT: 51

Calculate the potentials...
Obtain community median...
Data saved to file.
Obtain the external medians...
IT: 52

Calculate the potentials...
Obtain community median...
Data saved to file.
Obtain the external medians...
IT: 53

Calculate the potentials...
Obtain community median...
Data saved to file.
Obtain the external medians...
IT: 54

Calculate the potentials...
Obtain community median...
Data saved to file.
Obtain the external medians...
IT: 55

Calculate the potentials...
Obtain community median...
Data saved to file.
Obtain the external medians...
IT: 56

Calculate the potentials...
Obtain community median...
Data saved to file.
Obtain the external medians...
IT: 57

Calculate the potentials...
Obtain community median...
Data saved to file.
Obtain the external medians...
IT: 58

Calculate the potentials...
Obtain community median...
Data saved to file.
Obtain the external medians...
IT: 59

Calculate the potentials...
Obtain community median...
Data saved to file.
Obtain the external medians...
IT: 60

Calculate the potentials...
Obtain community median...
Data saved to file.
Obtain the external medians...
IT: 61

Calculate the potentials...
Obtain community median...
Data saved to file.
Obtain the external medians...
IT: 62

Calculate the potentials...
Obtain community median...
Data saved to file.
Obtain the external medians...
IT: 63

Calculate the potentials...
Obtain community median...
Data saved to file.
Obtain the external medians...
IT: 64

Calculate the potentials...
Obtain community median...
Data saved to file.
Obtain the external medians...
IT: 65

Calculate the potentials...
Obtain community median...
Data saved to file.
Obtain the external medians...
IT: 66

Calculate the potentials...
Obtain community median...
p/q: [0.04835429 0.04835429]/2.4816827537328672e-05
The length of the cut: 21
The degrees on the cut: Counter({1: 42})
The excess inner degrees: [{38: 58, 69: 48, 124: 42, 131: 47, 142: 52, 179: 35, 307: 61, 360: 64, 458: 50, 530: 51, 577: 48, 581: 55, 651: 53, 668: 39, 681: 38, 695: 48, 764: 40, 797: 50, 874: 57, 967: 29, 993: 52}, {1534: 54, 1457: 42, 1512: 53, 1087: 55, 1255: 44, 1209: 49, 1102: 44, 1972: 39, 1655: 57, 1698: 37, 1581: 36, 1771: 46, 1600: 56, 1472: 67, 1321: 52, 1643: 51, 1351: 44, 1658: 46, 1952: 43, 1303: 51, 1025: 52}]
The min degree: 24
n of faulty nodes: 42
n of redundant nodes: 150
IT: 0

Calculate the potentials...
Obtain community median...
Data saved to file.
Obtain the external medians...
IT: 1

Calculate the potentials...
Obtain community median...
Data saved to file.
Obtain the external medians...
IT: 2

Calculate the potentials...
Obtain community median...
Data saved to file.
Obtain the external medians...
IT: 3

Calculate the potentials...
Obtain community median...
Data saved to file.
Obtain the external medians...
IT: 4

Calculate the potentials...
Obtain community median...
Data saved to file.
Obtain the external medians...
IT: 5

Calculate the potentials...
Obtain community median...
Data saved to file.
Obtain the external medians...
IT: 6

Calculate the potentials...
Obtain community median...
Data saved to file.
Obtain the external medians...
IT: 7

Calculate the potentials...
Obtain community median...
Data saved to file.
Obtain the external medians...
IT: 8

Calculate the potentials...
Obtain community median...
Data saved to file.
Obtain the external medians...
IT: 9

Calculate the potentials...
Obtain community median...
Data saved to file.
Obtain the external medians...
IT: 10

Calculate the potentials...
Obtain community median...
Data saved to file.
Obtain the external medians...
IT: 11

Calculate the potentials...
Obtain community median...
Data saved to file.
Obtain the external medians...
IT: 12

Calculate the potentials...
Obtain community median...
Data saved to file.
Obtain the external medians...
IT: 13

Calculate the potentials...
Obtain community median...
Data saved to file.
Obtain the external medians...
IT: 14

Calculate the potentials...
Obtain community median...
Data saved to file.
Obtain the external medians...
IT: 15

Calculate the potentials...
Obtain community median...
Data saved to file.
Obtain the external medians...
IT: 16

Calculate the potentials...
Obtain community median...
Data saved to file.
Obtain the external medians...
IT: 17

Calculate the potentials...
Obtain community median...
Data saved to file.
Obtain the external medians...
IT: 18

Calculate the potentials...
Obtain community median...
Data saved to file.
Obtain the external medians...
IT: 19

Calculate the potentials...
Obtain community median...
Data saved to file.
Obtain the external medians...
IT: 20

Calculate the potentials...
Obtain community median...
Data saved to file.
Obtain the external medians...
IT: 21

Calculate the potentials...
Obtain community median...
Data saved to file.
Obtain the external medians...
IT: 22

Calculate the potentials...
Obtain community median...
Data saved to file.
Obtain the external medians...
IT: 23

Calculate the potentials...
Obtain community median...
Data saved to file.
Obtain the external medians...
IT: 24

Calculate the potentials...
Obtain community median...
Data saved to file.
Obtain the external medians...
IT: 25

Calculate the potentials...
Obtain community median...
Data saved to file.
Obtain the external medians...
IT: 26

Calculate the potentials...
Obtain community median...
Data saved to file.
Obtain the external medians...
IT: 27

Calculate the potentials...
Obtain community median...
Data saved to file.
Obtain the external medians...
IT: 28

Calculate the potentials...
Obtain community median...
Data saved to file.
Obtain the external medians...
IT: 29

Calculate the potentials...
Obtain community median...
Data saved to file.
Obtain the external medians...
IT: 30

Calculate the potentials...
Obtain community median...
Data saved to file.
Obtain the external medians...
IT: 31

Calculate the potentials...
Obtain community median...
Data saved to file.
Obtain the external medians...
IT: 32

Calculate the potentials...
Obtain community median...
Data saved to file.
Obtain the external medians...
IT: 33

Calculate the potentials...
Obtain community median...
Data saved to file.
Obtain the external medians...
IT: 34

Calculate the potentials...
Obtain community median...
Data saved to file.
Obtain the external medians...
IT: 35

Calculate the potentials...
Obtain community median...
Data saved to file.
Obtain the external medians...
IT: 36

Calculate the potentials...
Obtain community median...
Data saved to file.
Obtain the external medians...
IT: 37

Calculate the potentials...
Obtain community median...
Data saved to file.
Obtain the external medians...
IT: 38

Calculate the potentials...
Obtain community median...
Data saved to file.
Obtain the external medians...
IT: 39

Calculate the potentials...
Obtain community median...
Data saved to file.
Obtain the external medians...
IT: 40

Calculate the potentials...
Obtain community median...
Data saved to file.
Obtain the external medians...
IT: 41

Calculate the potentials...
Obtain community median...
Data saved to file.
Obtain the external medians...
IT: 42

Calculate the potentials...
Obtain community median...
Data saved to file.
Obtain the external medians...
IT: 43

Calculate the potentials...
Obtain community median...
Data saved to file.
Obtain the external medians...
IT: 44

Calculate the potentials...
Obtain community median...
Data saved to file.
Obtain the external medians...
IT: 45

Calculate the potentials...
Obtain community median...
Data saved to file.
Obtain the external medians...
IT: 46

Calculate the potentials...
Obtain community median...
Data saved to file.
Obtain the external medians...
IT: 47

Calculate the potentials...
Obtain community median...
Data saved to file.
Obtain the external medians...
IT: 48

Calculate the potentials...
Obtain community median...
Data saved to file.
Obtain the external medians...
IT: 49

Calculate the potentials...
Obtain community median...
Data saved to file.
Obtain the external medians...
IT: 50

Calculate the potentials...
Obtain community median...
Data saved to file.
Obtain the external medians...
IT: 51

Calculate the potentials...
Obtain community median...
Data saved to file.
Obtain the external medians...
IT: 52

Calculate the potentials...
Obtain community median...
Data saved to file.
Obtain the external medians...
IT: 53

Calculate the potentials...
Obtain community median...
Data saved to file.
Obtain the external medians...
IT: 54

Calculate the potentials...
Obtain community median...
Data saved to file.
Obtain the external medians...
IT: 55

Calculate the potentials...
Obtain community median...
Data saved to file.
Obtain the external medians...
IT: 56

Calculate the potentials...
Obtain community median...
Data saved to file.
Obtain the external medians...
IT: 57

Calculate the potentials...
Obtain community median...
Data saved to file.
Obtain the external medians...
IT: 58

Calculate the potentials...
Obtain community median...
Data saved to file.
Obtain the external medians...
IT: 59

Calculate the potentials...
Obtain community median...
Data saved to file.
Obtain the external medians...
IT: 60

Calculate the potentials...
Obtain community median...
Data saved to file.
Obtain the external medians...
IT: 61

Calculate the potentials...
Obtain community median...
Data saved to file.
Obtain the external medians...
IT: 62

Calculate the potentials...
Obtain community median...
Data saved to file.
Obtain the external medians...
IT: 63

Calculate the potentials...
Obtain community median...
Data saved to file.
Obtain the external medians...
IT: 64

Calculate the potentials...
Obtain community median...
Data saved to file.
Obtain the external medians...
IT: 65

Calculate the potentials...
Obtain community median...
Data saved to file.
Obtain the external medians...
IT: 66

Calculate the potentials...
Obtain community median...
p/q: [0.04835429 0.04835429]/2.4816827537328672e-05
The length of the cut: 21
The degrees on the cut: Counter({1: 42})
The excess inner degrees: [{38: 58, 69: 48, 124: 42, 131: 47, 142: 52, 179: 35, 307: 61, 360: 64, 458: 50, 530: 51, 577: 48, 581: 55, 651: 53, 668: 39, 681: 38, 695: 48, 764: 40, 797: 50, 874: 57, 967: 29, 993: 52}, {1534: 54, 1457: 42, 1512: 53, 1087: 55, 1255: 44, 1209: 49, 1102: 44, 1972: 39, 1655: 57, 1698: 37, 1581: 36, 1771: 46, 1600: 56, 1472: 67, 1321: 52, 1643: 51, 1351: 44, 1658: 46, 1952: 43, 1303: 51, 1025: 52}]
The min degree: 24
n of faulty nodes: 42
n of redundant nodes: 150
IT: 0

Calculate the potentials...
Obtain community median...
Data saved to file.
Obtain the external medians...
IT: 1

Calculate the potentials...
Obtain community median...
Data saved to file.
Obtain the external medians...
IT: 2

Calculate the potentials...
Obtain community median...
Data saved to file.
Obtain the external medians...
IT: 3

Calculate the potentials...
Obtain community median...
Data saved to file.
Obtain the external medians...
IT: 4

Calculate the potentials...
Obtain community median...
Data saved to file.
Obtain the external medians...
IT: 5

Calculate the potentials...
Obtain community median...
Data saved to file.
Obtain the external medians...
IT: 6

Calculate the potentials...
Obtain community median...
Data saved to file.
Obtain the external medians...
IT: 7

Calculate the potentials...
Obtain community median...
Data saved to file.
Obtain the external medians...
IT: 8

Calculate the potentials...
Obtain community median...
Data saved to file.
Obtain the external medians...
IT: 9

Calculate the potentials...
Obtain community median...
Data saved to file.
Obtain the external medians...
IT: 10

Calculate the potentials...
Obtain community median...
Data saved to file.
Obtain the external medians...
IT: 11

Calculate the potentials...
Obtain community median...
Data saved to file.
Obtain the external medians...
IT: 12

Calculate the potentials...
Obtain community median...
Data saved to file.
Obtain the external medians...
IT: 13

Calculate the potentials...
Obtain community median...
Data saved to file.
Obtain the external medians...
IT: 14

Calculate the potentials...
Obtain community median...
Data saved to file.
Obtain the external medians...
IT: 15

Calculate the potentials...
Obtain community median...
Data saved to file.
Obtain the external medians...
IT: 16

Calculate the potentials...
Obtain community median...
Data saved to file.
Obtain the external medians...
IT: 17

Calculate the potentials...
Obtain community median...
Data saved to file.
Obtain the external medians...
IT: 18

Calculate the potentials...
Obtain community median...
Data saved to file.
Obtain the external medians...
IT: 19

Calculate the potentials...
Obtain community median...
Data saved to file.
Obtain the external medians...
IT: 20

Calculate the potentials...
Obtain community median...
Data saved to file.
Obtain the external medians...
IT: 21

Calculate the potentials...
Obtain community median...
Data saved to file.
Obtain the external medians...
IT: 22

Calculate the potentials...
Obtain community median...
Data saved to file.
Obtain the external medians...
IT: 23

Calculate the potentials...
Obtain community median...
Data saved to file.
Obtain the external medians...
IT: 24

Calculate the potentials...
Obtain community median...
Data saved to file.
Obtain the external medians...
IT: 25

Calculate the potentials...
Obtain community median...
Data saved to file.
Obtain the external medians...
IT: 26

Calculate the potentials...
Obtain community median...
Data saved to file.
Obtain the external medians...
IT: 27

Calculate the potentials...
Obtain community median...
Data saved to file.
Obtain the external medians...
IT: 28

Calculate the potentials...
Obtain community median...
Data saved to file.
Obtain the external medians...
IT: 29

Calculate the potentials...
Obtain community median...
Data saved to file.
Obtain the external medians...
IT: 30

Calculate the potentials...
Obtain community median...
Data saved to file.
Obtain the external medians...
IT: 31

Calculate the potentials...
Obtain community median...
Data saved to file.
Obtain the external medians...
IT: 32

Calculate the potentials...
Obtain community median...
Data saved to file.
Obtain the external medians...
IT: 33

Calculate the potentials...
Obtain community median...
Data saved to file.
Obtain the external medians...
IT: 34

Calculate the potentials...
Obtain community median...
Data saved to file.
Obtain the external medians...
IT: 35

Calculate the potentials...
Obtain community median...
Data saved to file.
Obtain the external medians...
IT: 36

Calculate the potentials...
Obtain community median...
Data saved to file.
Obtain the external medians...
IT: 37

Calculate the potentials...
Obtain community median...
Data saved to file.
Obtain the external medians...
IT: 38

Calculate the potentials...
Obtain community median...
Data saved to file.
Obtain the external medians...
IT: 39

Calculate the potentials...
Obtain community median...
Data saved to file.
Obtain the external medians...
IT: 40

Calculate the potentials...
Obtain community median...
Data saved to file.
Obtain the external medians...
IT: 41

Calculate the potentials...
Obtain community median...
Data saved to file.
Obtain the external medians...
IT: 42

Calculate the potentials...
Obtain community median...
Data saved to file.
Obtain the external medians...
IT: 43

Calculate the potentials...
Obtain community median...
Data saved to file.
Obtain the external medians...
IT: 44

Calculate the potentials...
Obtain community median...
Data saved to file.
Obtain the external medians...
IT: 45

Calculate the potentials...
Obtain community median...
Data saved to file.
Obtain the external medians...
IT: 46

Calculate the potentials...
Obtain community median...
Data saved to file.
Obtain the external medians...
IT: 47

Calculate the potentials...
Obtain community median...
Data saved to file.
Obtain the external medians...
IT: 48

Calculate the potentials...
Obtain community median...
Data saved to file.
Obtain the external medians...
IT: 49

Calculate the potentials...
Obtain community median...
Data saved to file.
Obtain the external medians...
IT: 50

Calculate the potentials...
Obtain community median...
Data saved to file.
Obtain the external medians...
IT: 51

Calculate the potentials...
Obtain community median...
Data saved to file.
Obtain the external medians...
IT: 52

Calculate the potentials...
Obtain community median...
Data saved to file.
Obtain the external medians...
IT: 53

Calculate the potentials...
Obtain community median...
Data saved to file.
Obtain the external medians...
IT: 54

Calculate the potentials...
Obtain community median...
Data saved to file.
Obtain the external medians...
IT: 55

Calculate the potentials...
Obtain community median...
Data saved to file.
Obtain the external medians...
IT: 56

Calculate the potentials...
Obtain community median...
Data saved to file.
Obtain the external medians...
IT: 57

Calculate the potentials...
Obtain community median...
Data saved to file.
Obtain the external medians...
IT: 58

Calculate the potentials...
Obtain community median...
Data saved to file.
Obtain the external medians...
IT: 59

Calculate the potentials...
Obtain community median...
Data saved to file.
Obtain the external medians...
IT: 60

Calculate the potentials...
Obtain community median...
Data saved to file.
Obtain the external medians...
IT: 61

Calculate the potentials...
Obtain community median...
Data saved to file.
Obtain the external medians...
IT: 62

Calculate the potentials...
Obtain community median...
Data saved to file.
Obtain the external medians...
IT: 63

Calculate the potentials...
Obtain community median...
Data saved to file.
Obtain the external medians...
IT: 64

Calculate the potentials...
Obtain community median...
Data saved to file.
Obtain the external medians...
IT: 65

Calculate the potentials...
Obtain community median...
Data saved to file.
Obtain the external medians...
IT: 66

Calculate the potentials...
Obtain community median...
p/q: [0.04835429 0.04835429]/2.4816827537328672e-05
The length of the cut: 21
The degrees on the cut: Counter({1: 42})
The excess inner degrees: [{38: 58, 69: 48, 124: 42, 131: 47, 142: 52, 179: 35, 307: 61, 360: 64, 458: 50, 530: 51, 577: 48, 581: 55, 651: 53, 668: 39, 681: 38, 695: 48, 764: 40, 797: 50, 874: 57, 967: 29, 993: 52}, {1534: 54, 1457: 42, 1512: 53, 1087: 55, 1255: 44, 1209: 49, 1102: 44, 1972: 39, 1655: 57, 1698: 37, 1581: 36, 1771: 46, 1600: 56, 1472: 67, 1321: 52, 1643: 51, 1351: 44, 1658: 46, 1952: 43, 1303: 51, 1025: 52}]
The min degree: 24
n of faulty nodes: 42
n of redundant nodes: 150
IT: 0

Calculate the potentials...
Obtain community median...
Data saved to file.
Obtain the external medians...
IT: 1

Calculate the potentials...
Obtain community median...
Data saved to file.
Obtain the external medians...
IT: 2

Calculate the potentials...
Obtain community median...
Data saved to file.
Obtain the external medians...
IT: 3

Calculate the potentials...
Obtain community median...
Data saved to file.
Obtain the external medians...
IT: 4

Calculate the potentials...
Obtain community median...
Data saved to file.
Obtain the external medians...
IT: 5

Calculate the potentials...
Obtain community median...
Data saved to file.
Obtain the external medians...
IT: 6

Calculate the potentials...
Obtain community median...
Data saved to file.
Obtain the external medians...
IT: 7

Calculate the potentials...
Obtain community median...
Data saved to file.
Obtain the external medians...
IT: 8

Calculate the potentials...
Obtain community median...
Data saved to file.
Obtain the external medians...
IT: 9

Calculate the potentials...
Obtain community median...
Data saved to file.
Obtain the external medians...
IT: 10

Calculate the potentials...
Obtain community median...
Data saved to file.
Obtain the external medians...
IT: 11

Calculate the potentials...
Obtain community median...
Data saved to file.
Obtain the external medians...
IT: 12

Calculate the potentials...
Obtain community median...
Data saved to file.
Obtain the external medians...
IT: 13

Calculate the potentials...
Obtain community median...
Data saved to file.
Obtain the external medians...
IT: 14

Calculate the potentials...
Obtain community median...
Data saved to file.
Obtain the external medians...
IT: 15

Calculate the potentials...
Obtain community median...
Data saved to file.
Obtain the external medians...
IT: 16

Calculate the potentials...
Obtain community median...
Data saved to file.
Obtain the external medians...
IT: 17

Calculate the potentials...
Obtain community median...
Data saved to file.
Obtain the external medians...
IT: 18

Calculate the potentials...
Obtain community median...
Data saved to file.
Obtain the external medians...
IT: 19

Calculate the potentials...
Obtain community median...
Data saved to file.
Obtain the external medians...
IT: 20

Calculate the potentials...
Obtain community median...
Data saved to file.
Obtain the external medians...
IT: 21

Calculate the potentials...
Obtain community median...
Data saved to file.
Obtain the external medians...
IT: 22

Calculate the potentials...
Obtain community median...
Data saved to file.
Obtain the external medians...
IT: 23

Calculate the potentials...
Obtain community median...
Data saved to file.
Obtain the external medians...
IT: 24

Calculate the potentials...
Obtain community median...
Data saved to file.
Obtain the external medians...
IT: 25

Calculate the potentials...
Obtain community median...
Data saved to file.
Obtain the external medians...
IT: 26

Calculate the potentials...
Obtain community median...
Data saved to file.
Obtain the external medians...
IT: 27

Calculate the potentials...
Obtain community median...
Data saved to file.
Obtain the external medians...
IT: 28

Calculate the potentials...
Obtain community median...
Data saved to file.
Obtain the external medians...
IT: 29

Calculate the potentials...
Obtain community median...
Data saved to file.
Obtain the external medians...
IT: 30

Calculate the potentials...
Obtain community median...
Data saved to file.
Obtain the external medians...
IT: 31

Calculate the potentials...
Obtain community median...
Data saved to file.
Obtain the external medians...
IT: 32

Calculate the potentials...
Obtain community median...
Data saved to file.
Obtain the external medians...
IT: 33

Calculate the potentials...
Obtain community median...
Data saved to file.
Obtain the external medians...
IT: 34

Calculate the potentials...
Obtain community median...
Data saved to file.
Obtain the external medians...
IT: 35

Calculate the potentials...
Obtain community median...
Data saved to file.
Obtain the external medians...
IT: 36

Calculate the potentials...
Obtain community median...
Data saved to file.
Obtain the external medians...
IT: 37

Calculate the potentials...
Obtain community median...
Data saved to file.
Obtain the external medians...
IT: 38

Calculate the potentials...
Obtain community median...
Data saved to file.
Obtain the external medians...
IT: 39

Calculate the potentials...
Obtain community median...
Data saved to file.
Obtain the external medians...
IT: 40

Calculate the potentials...
Obtain community median...
Data saved to file.
Obtain the external medians...
IT: 41

Calculate the potentials...
Obtain community median...
Data saved to file.
Obtain the external medians...
IT: 42

Calculate the potentials...
Obtain community median...
Data saved to file.
Obtain the external medians...
IT: 43

Calculate the potentials...
Obtain community median...
Data saved to file.
Obtain the external medians...
IT: 44

Calculate the potentials...
Obtain community median...
Data saved to file.
Obtain the external medians...
IT: 45

Calculate the potentials...
Obtain community median...
Data saved to file.
Obtain the external medians...
IT: 46

Calculate the potentials...
Obtain community median...
Data saved to file.
Obtain the external medians...
IT: 47

Calculate the potentials...
Obtain community median...
Data saved to file.
Obtain the external medians...
IT: 48

Calculate the potentials...
Obtain community median...
Data saved to file.
Obtain the external medians...
IT: 49

Calculate the potentials...
Obtain community median...
Data saved to file.
Obtain the external medians...
IT: 50

Calculate the potentials...
Obtain community median...
Data saved to file.
Obtain the external medians...
IT: 51

Calculate the potentials...
Obtain community median...
Data saved to file.
Obtain the external medians...
IT: 52

Calculate the potentials...
Obtain community median...
Data saved to file.
Obtain the external medians...
IT: 53

Calculate the potentials...
Obtain community median...
Data saved to file.
Obtain the external medians...
IT: 54

Calculate the potentials...
Obtain community median...
Data saved to file.
Obtain the external medians...
IT: 55

Calculate the potentials...
Obtain community median...
Data saved to file.
Obtain the external medians...
IT: 56

Calculate the potentials...
Obtain community median...
Data saved to file.
Obtain the external medians...
IT: 57

Calculate the potentials...
Obtain community median...
Data saved to file.
Obtain the external medians...
IT: 58

Calculate the potentials...
Obtain community median...
Data saved to file.
Obtain the external medians...
IT: 59

Calculate the potentials...
Obtain community median...
Data saved to file.
Obtain the external medians...
IT: 60

Calculate the potentials...
Obtain community median...
Data saved to file.
Obtain the external medians...
IT: 61

Calculate the potentials...
Obtain community median...
Data saved to file.
Obtain the external medians...
IT: 62

Calculate the potentials...
Obtain community median...
Data saved to file.
Obtain the external medians...
IT: 63

Calculate the potentials...
Obtain community median...
Data saved to file.
Obtain the external medians...
IT: 64

Calculate the potentials...
Obtain community median...
Data saved to file.
Obtain the external medians...
IT: 65

Calculate the potentials...
Obtain community median...
Data saved to file.
Obtain the external medians...
IT: 66

Calculate the potentials...
Obtain community median...
p/q: [0.04835429 0.04835429]/2.4816827537328672e-05
The length of the cut: 21
The degrees on the cut: Counter({1: 42})
The excess inner degrees: [{38: 58, 69: 48, 124: 42, 131: 47, 142: 52, 179: 35, 307: 61, 360: 64, 458: 50, 530: 51, 577: 48, 581: 55, 651: 53, 668: 39, 681: 38, 695: 48, 764: 40, 797: 50, 874: 57, 967: 29, 993: 52}, {1534: 54, 1457: 42, 1512: 53, 1087: 55, 1255: 44, 1209: 49, 1102: 44, 1972: 39, 1655: 57, 1698: 37, 1581: 36, 1771: 46, 1600: 56, 1472: 67, 1321: 52, 1643: 51, 1351: 44, 1658: 46, 1952: 43, 1303: 51, 1025: 52}]
The min degree: 24
n of faulty nodes: 42
n of redundant nodes: 150
IT: 0

Calculate the potentials...
Obtain community median...
Data saved to file.
Obtain the external medians...
IT: 1

Calculate the potentials...
Obtain community median...
Data saved to file.
Obtain the external medians...
IT: 2

Calculate the potentials...
Obtain community median...
Data saved to file.
Obtain the external medians...
IT: 3

Calculate the potentials...
Obtain community median...
Data saved to file.
Obtain the external medians...
IT: 4

Calculate the potentials...
Obtain community median...
Data saved to file.
Obtain the external medians...
IT: 5

Calculate the potentials...
Obtain community median...
Data saved to file.
Obtain the external medians...
IT: 6

Calculate the potentials...
Obtain community median...
Data saved to file.
Obtain the external medians...
IT: 7

Calculate the potentials...
Obtain community median...
Data saved to file.
Obtain the external medians...
IT: 8

Calculate the potentials...
Obtain community median...
Data saved to file.
Obtain the external medians...
IT: 9

Calculate the potentials...
Obtain community median...
Data saved to file.
Obtain the external medians...
IT: 10

Calculate the potentials...
Obtain community median...
Data saved to file.
Obtain the external medians...
IT: 11

Calculate the potentials...
Obtain community median...
Data saved to file.
Obtain the external medians...
IT: 12

Calculate the potentials...
Obtain community median...
Data saved to file.
Obtain the external medians...
IT: 13

Calculate the potentials...
Obtain community median...
Data saved to file.
Obtain the external medians...
IT: 14

Calculate the potentials...
Obtain community median...
Data saved to file.
Obtain the external medians...
IT: 15

Calculate the potentials...
Obtain community median...
Data saved to file.
Obtain the external medians...
IT: 16

Calculate the potentials...
Obtain community median...
Data saved to file.
Obtain the external medians...
IT: 17

Calculate the potentials...
Obtain community median...
Data saved to file.
Obtain the external medians...
IT: 18

Calculate the potentials...
Obtain community median...
Data saved to file.
Obtain the external medians...
IT: 19

Calculate the potentials...
Obtain community median...
Data saved to file.
Obtain the external medians...
IT: 20

Calculate the potentials...
Obtain community median...
Data saved to file.
Obtain the external medians...
IT: 21

Calculate the potentials...
Obtain community median...
Data saved to file.
Obtain the external medians...
IT: 22

Calculate the potentials...
Obtain community median...
Data saved to file.
Obtain the external medians...
IT: 23

Calculate the potentials...
Obtain community median...
Data saved to file.
Obtain the external medians...
IT: 24

Calculate the potentials...
Obtain community median...
Data saved to file.
Obtain the external medians...
IT: 25

Calculate the potentials...
Obtain community median...
Data saved to file.
Obtain the external medians...
IT: 26

Calculate the potentials...
Obtain community median...
Data saved to file.
Obtain the external medians...
IT: 27

Calculate the potentials...
Obtain community median...
Data saved to file.
Obtain the external medians...
IT: 28

Calculate the potentials...
Obtain community median...
Data saved to file.
Obtain the external medians...
IT: 29

Calculate the potentials...
Obtain community median...
Data saved to file.
Obtain the external medians...
IT: 30

Calculate the potentials...
Obtain community median...
Data saved to file.
Obtain the external medians...
IT: 31

Calculate the potentials...
Obtain community median...
Data saved to file.
Obtain the external medians...
IT: 32

Calculate the potentials...
Obtain community median...
Data saved to file.
Obtain the external medians...
IT: 33

Calculate the potentials...
Obtain community median...
Data saved to file.
Obtain the external medians...
IT: 34

Calculate the potentials...
Obtain community median...
Data saved to file.
Obtain the external medians...
IT: 35

Calculate the potentials...
Obtain community median...
Data saved to file.
Obtain the external medians...
IT: 36

Calculate the potentials...
Obtain community median...
Data saved to file.
Obtain the external medians...
IT: 37

Calculate the potentials...
Obtain community median...
Data saved to file.
Obtain the external medians...
IT: 38

Calculate the potentials...
Obtain community median...
Data saved to file.
Obtain the external medians...
IT: 39

Calculate the potentials...
Obtain community median...
Data saved to file.
Obtain the external medians...
IT: 40

Calculate the potentials...
Obtain community median...
Data saved to file.
Obtain the external medians...
IT: 41

Calculate the potentials...
Obtain community median...
Data saved to file.
Obtain the external medians...
IT: 42

Calculate the potentials...
Obtain community median...
Data saved to file.
Obtain the external medians...
IT: 43

Calculate the potentials...
Obtain community median...
Data saved to file.
Obtain the external medians...
IT: 44

Calculate the potentials...
Obtain community median...
Data saved to file.
Obtain the external medians...
IT: 45

Calculate the potentials...
Obtain community median...
Data saved to file.
Obtain the external medians...
IT: 46

Calculate the potentials...
Obtain community median...
Data saved to file.
Obtain the external medians...
IT: 47

Calculate the potentials...
Obtain community median...
Data saved to file.
Obtain the external medians...
IT: 48

Calculate the potentials...
Obtain community median...
Data saved to file.
Obtain the external medians...
IT: 49

Calculate the potentials...
Obtain community median...
Data saved to file.
Obtain the external medians...
IT: 50

Calculate the potentials...
Obtain community median...
Data saved to file.
Obtain the external medians...
IT: 51

Calculate the potentials...
Obtain community median...
Data saved to file.
Obtain the external medians...
IT: 52

Calculate the potentials...
Obtain community median...
Data saved to file.
Obtain the external medians...
IT: 53

Calculate the potentials...
Obtain community median...
Data saved to file.
Obtain the external medians...
IT: 54

Calculate the potentials...
Obtain community median...
Data saved to file.
Obtain the external medians...
IT: 55

Calculate the potentials...
Obtain community median...
Data saved to file.
Obtain the external medians...
IT: 56

Calculate the potentials...
Obtain community median...
Data saved to file.
Obtain the external medians...
IT: 57

Calculate the potentials...
Obtain community median...
Data saved to file.
Obtain the external medians...
IT: 58

Calculate the potentials...
Obtain community median...
Data saved to file.
Obtain the external medians...
IT: 59

Calculate the potentials...
Obtain community median...
Data saved to file.
Obtain the external medians...
IT: 60

Calculate the potentials...
Obtain community median...
Data saved to file.
Obtain the external medians...
IT: 61

Calculate the potentials...
Obtain community median...
Data saved to file.
Obtain the external medians...
IT: 62

Calculate the potentials...
Obtain community median...
Data saved to file.
Obtain the external medians...
IT: 63

Calculate the potentials...
Obtain community median...
Data saved to file.
Obtain the external medians...
IT: 64

Calculate the potentials...
Obtain community median...
Data saved to file.
Obtain the external medians...
IT: 65

Calculate the potentials...
Obtain community median...
Data saved to file.
Obtain the external medians...
IT: 66

Calculate the potentials...
Obtain community median...
p/q: [0.04835429 0.04835429]/2.4816827537328672e-05
The length of the cut: 21
The degrees on the cut: Counter({1: 42})
The excess inner degrees: [{38: 58, 69: 48, 124: 42, 131: 47, 142: 52, 179: 35, 307: 61, 360: 64, 458: 50, 530: 51, 577: 48, 581: 55, 651: 53, 668: 39, 681: 38, 695: 48, 764: 40, 797: 50, 874: 57, 967: 29, 993: 52}, {1534: 54, 1457: 42, 1512: 53, 1087: 55, 1255: 44, 1209: 49, 1102: 44, 1972: 39, 1655: 57, 1698: 37, 1581: 36, 1771: 46, 1600: 56, 1472: 67, 1321: 52, 1643: 51, 1351: 44, 1658: 46, 1952: 43, 1303: 51, 1025: 52}]
The min degree: 24
n of faulty nodes: 42
n of redundant nodes: 150
IT: 0

Calculate the potentials...
Obtain community median...
Data saved to file.
Obtain the external medians...
IT: 1

Calculate the potentials...
Obtain community median...
Data saved to file.
Obtain the external medians...
IT: 2

Calculate the potentials...
Obtain community median...
Data saved to file.
Obtain the external medians...
IT: 3

Calculate the potentials...
Obtain community median...
Data saved to file.
Obtain the external medians...
IT: 4

Calculate the potentials...
Obtain community median...
Data saved to file.
Obtain the external medians...
IT: 5

Calculate the potentials...
Obtain community median...
Data saved to file.
Obtain the external medians...
IT: 6

Calculate the potentials...
Obtain community median...
Data saved to file.
Obtain the external medians...
IT: 7

Calculate the potentials...
Obtain community median...
Data saved to file.
Obtain the external medians...
IT: 8

Calculate the potentials...
Obtain community median...
Data saved to file.
Obtain the external medians...
IT: 9

Calculate the potentials...
Obtain community median...
Data saved to file.
Obtain the external medians...
IT: 10

Calculate the potentials...
Obtain community median...
Data saved to file.
Obtain the external medians...
IT: 11

Calculate the potentials...
Obtain community median...
Data saved to file.
Obtain the external medians...
IT: 12

Calculate the potentials...
Obtain community median...
Data saved to file.
Obtain the external medians...
IT: 13

Calculate the potentials...
Obtain community median...
Data saved to file.
Obtain the external medians...
IT: 14

Calculate the potentials...
Obtain community median...
Data saved to file.
Obtain the external medians...
IT: 15

Calculate the potentials...
Obtain community median...
Data saved to file.
Obtain the external medians...
IT: 16

Calculate the potentials...
Obtain community median...
Data saved to file.
Obtain the external medians...
IT: 17

Calculate the potentials...
Obtain community median...
Data saved to file.
Obtain the external medians...
IT: 18

Calculate the potentials...
Obtain community median...
Data saved to file.
Obtain the external medians...
IT: 19

Calculate the potentials...
Obtain community median...
Data saved to file.
Obtain the external medians...
IT: 20

Calculate the potentials...
Obtain community median...
Data saved to file.
Obtain the external medians...
IT: 21

Calculate the potentials...
Obtain community median...
Data saved to file.
Obtain the external medians...
IT: 22

Calculate the potentials...
Obtain community median...
Data saved to file.
Obtain the external medians...
IT: 23

Calculate the potentials...
Obtain community median...
Data saved to file.
Obtain the external medians...
IT: 24

Calculate the potentials...
Obtain community median...
Data saved to file.
Obtain the external medians...
IT: 25

Calculate the potentials...
Obtain community median...
Data saved to file.
Obtain the external medians...
IT: 26

Calculate the potentials...
Obtain community median...
Data saved to file.
Obtain the external medians...
IT: 27

Calculate the potentials...
Obtain community median...
Data saved to file.
Obtain the external medians...
IT: 28

Calculate the potentials...
Obtain community median...
Data saved to file.
Obtain the external medians...
IT: 29

Calculate the potentials...
Obtain community median...
Data saved to file.
Obtain the external medians...
IT: 30

Calculate the potentials...
Obtain community median...
Data saved to file.
Obtain the external medians...
IT: 31

Calculate the potentials...
Obtain community median...
Data saved to file.
Obtain the external medians...
IT: 32

Calculate the potentials...
Obtain community median...
Data saved to file.
Obtain the external medians...
IT: 33

Calculate the potentials...
Obtain community median...
Data saved to file.
Obtain the external medians...
IT: 34

Calculate the potentials...
Obtain community median...
Data saved to file.
Obtain the external medians...
IT: 35

Calculate the potentials...
Obtain community median...
Data saved to file.
Obtain the external medians...
IT: 36

Calculate the potentials...
Obtain community median...
Data saved to file.
Obtain the external medians...
IT: 37

Calculate the potentials...
Obtain community median...
Data saved to file.
Obtain the external medians...
IT: 38

Calculate the potentials...
Obtain community median...
Data saved to file.
Obtain the external medians...
IT: 39

Calculate the potentials...
Obtain community median...
Data saved to file.
Obtain the external medians...
IT: 40

Calculate the potentials...
Obtain community median...
Data saved to file.
Obtain the external medians...
IT: 41

Calculate the potentials...
Obtain community median...
Data saved to file.
Obtain the external medians...
IT: 42

Calculate the potentials...
Obtain community median...
Data saved to file.
Obtain the external medians...
IT: 43

Calculate the potentials...
Obtain community median...
Data saved to file.
Obtain the external medians...
IT: 44

Calculate the potentials...
Obtain community median...
Data saved to file.
Obtain the external medians...
IT: 45

Calculate the potentials...
Obtain community median...
Data saved to file.
Obtain the external medians...
IT: 46

Calculate the potentials...
Obtain community median...
Data saved to file.
Obtain the external medians...
IT: 47

Calculate the potentials...
Obtain community median...
Data saved to file.
Obtain the external medians...
IT: 48

Calculate the potentials...
Obtain community median...
Data saved to file.
Obtain the external medians...
IT: 49

Calculate the potentials...
Obtain community median...
Data saved to file.
Obtain the external medians...
IT: 50

Calculate the potentials...
Obtain community median...
Data saved to file.
Obtain the external medians...
IT: 51

Calculate the potentials...
Obtain community median...
Data saved to file.
Obtain the external medians...
IT: 52

Calculate the potentials...
Obtain community median...
Data saved to file.
Obtain the external medians...
IT: 53

Calculate the potentials...
Obtain community median...
Data saved to file.
Obtain the external medians...
IT: 54

Calculate the potentials...
Obtain community median...
Data saved to file.
Obtain the external medians...
IT: 55

Calculate the potentials...
Obtain community median...
Data saved to file.
Obtain the external medians...
IT: 56

Calculate the potentials...
Obtain community median...
Data saved to file.
Obtain the external medians...
IT: 57

Calculate the potentials...
Obtain community median...
Data saved to file.
Obtain the external medians...
IT: 58

Calculate the potentials...
Obtain community median...
Data saved to file.
Obtain the external medians...
IT: 59

Calculate the potentials...
Obtain community median...
Data saved to file.
Obtain the external medians...
IT: 60

Calculate the potentials...
Obtain community median...
Data saved to file.
Obtain the external medians...
IT: 61

Calculate the potentials...
Obtain community median...
Data saved to file.
Obtain the external medians...
IT: 62

Calculate the potentials...
Obtain community median...
Data saved to file.
Obtain the external medians...
IT: 63

Calculate the potentials...
Obtain community median...
Data saved to file.
Obtain the external medians...
IT: 64

Calculate the potentials...
Obtain community median...
Data saved to file.
Obtain the external medians...
IT: 65

Calculate the potentials...
Obtain community median...
Data saved to file.
Obtain the external medians...
IT: 66

Calculate the potentials...
Obtain community median...
p/q: [0.04835429 0.04835429]/2.4816827537328672e-05
The length of the cut: 21
The degrees on the cut: Counter({1: 42})
The excess inner degrees: [{38: 58, 69: 48, 124: 42, 131: 47, 142: 52, 179: 35, 307: 61, 360: 64, 458: 50, 530: 51, 577: 48, 581: 55, 651: 53, 668: 39, 681: 38, 695: 48, 764: 40, 797: 50, 874: 57, 967: 29, 993: 52}, {1534: 54, 1457: 42, 1512: 53, 1087: 55, 1255: 44, 1209: 49, 1102: 44, 1972: 39, 1655: 57, 1698: 37, 1581: 36, 1771: 46, 1600: 56, 1472: 67, 1321: 52, 1643: 51, 1351: 44, 1658: 46, 1952: 43, 1303: 51, 1025: 52}]
The min degree: 24
n of faulty nodes: 42
n of redundant nodes: 150
IT: 0

Calculate the potentials...
Obtain community median...
Data saved to file.
Obtain the external medians...
IT: 1

Calculate the potentials...
Obtain community median...
Data saved to file.
Obtain the external medians...
IT: 2

Calculate the potentials...
Obtain community median...
Data saved to file.
Obtain the external medians...
IT: 3

Calculate the potentials...
Obtain community median...
Data saved to file.
Obtain the external medians...
IT: 4

Calculate the potentials...
Obtain community median...
Data saved to file.
Obtain the external medians...
IT: 5

Calculate the potentials...
Obtain community median...
Data saved to file.
Obtain the external medians...
IT: 6

Calculate the potentials...
Obtain community median...
Data saved to file.
Obtain the external medians...
IT: 7

Calculate the potentials...
Obtain community median...
Data saved to file.
Obtain the external medians...
IT: 8

Calculate the potentials...
Obtain community median...
Data saved to file.
Obtain the external medians...
IT: 9

Calculate the potentials...
Obtain community median...
Data saved to file.
Obtain the external medians...
IT: 10

Calculate the potentials...
Obtain community median...
Data saved to file.
Obtain the external medians...
IT: 11

Calculate the potentials...
Obtain community median...
Data saved to file.
Obtain the external medians...
IT: 12

Calculate the potentials...
Obtain community median...
Data saved to file.
Obtain the external medians...
IT: 13

Calculate the potentials...
Obtain community median...
Data saved to file.
Obtain the external medians...
IT: 14

Calculate the potentials...
Obtain community median...
Data saved to file.
Obtain the external medians...
IT: 15

Calculate the potentials...
Obtain community median...
Data saved to file.
Obtain the external medians...
IT: 16

Calculate the potentials...
Obtain community median...
Data saved to file.
Obtain the external medians...
IT: 17

Calculate the potentials...
Obtain community median...
Data saved to file.
Obtain the external medians...
IT: 18

Calculate the potentials...
Obtain community median...
Data saved to file.
Obtain the external medians...
IT: 19

Calculate the potentials...
Obtain community median...
Data saved to file.
Obtain the external medians...
IT: 20

Calculate the potentials...
Obtain community median...
Data saved to file.
Obtain the external medians...
IT: 21

Calculate the potentials...
Obtain community median...
Data saved to file.
Obtain the external medians...
IT: 22

Calculate the potentials...
Obtain community median...
Data saved to file.
Obtain the external medians...
IT: 23

Calculate the potentials...
Obtain community median...
Data saved to file.
Obtain the external medians...
IT: 24

Calculate the potentials...
Obtain community median...
Data saved to file.
Obtain the external medians...
IT: 25

Calculate the potentials...
Obtain community median...
Data saved to file.
Obtain the external medians...
IT: 26

Calculate the potentials...
Obtain community median...
Data saved to file.
Obtain the external medians...
IT: 27

Calculate the potentials...
Obtain community median...
Data saved to file.
Obtain the external medians...
IT: 28

Calculate the potentials...
Obtain community median...
Data saved to file.
Obtain the external medians...
IT: 29

Calculate the potentials...
Obtain community median...
Data saved to file.
Obtain the external medians...
IT: 30

Calculate the potentials...
Obtain community median...
Data saved to file.
Obtain the external medians...
IT: 31

Calculate the potentials...
Obtain community median...
Data saved to file.
Obtain the external medians...
IT: 32

Calculate the potentials...
Obtain community median...
Data saved to file.
Obtain the external medians...
IT: 33

Calculate the potentials...
Obtain community median...
Data saved to file.
Obtain the external medians...
IT: 34

Calculate the potentials...
Obtain community median...
Data saved to file.
Obtain the external medians...
IT: 35

Calculate the potentials...
Obtain community median...
Data saved to file.
Obtain the external medians...
IT: 36

Calculate the potentials...
Obtain community median...
Data saved to file.
Obtain the external medians...
IT: 37

Calculate the potentials...
Obtain community median...
Data saved to file.
Obtain the external medians...
IT: 38

Calculate the potentials...
Obtain community median...
Data saved to file.
Obtain the external medians...
IT: 39

Calculate the potentials...
Obtain community median...
Data saved to file.
Obtain the external medians...
IT: 40

Calculate the potentials...
Obtain community median...
Data saved to file.
Obtain the external medians...
IT: 41

Calculate the potentials...
Obtain community median...
Data saved to file.
Obtain the external medians...
IT: 42

Calculate the potentials...
Obtain community median...
Data saved to file.
Obtain the external medians...
IT: 43

Calculate the potentials...
Obtain community median...
Data saved to file.
Obtain the external medians...
IT: 44

Calculate the potentials...
Obtain community median...
Data saved to file.
Obtain the external medians...
IT: 45

Calculate the potentials...
Obtain community median...
Data saved to file.
Obtain the external medians...
IT: 46

Calculate the potentials...
Obtain community median...
Data saved to file.
Obtain the external medians...
IT: 47

Calculate the potentials...
Obtain community median...
Data saved to file.
Obtain the external medians...
IT: 48

Calculate the potentials...
Obtain community median...
Data saved to file.
Obtain the external medians...
IT: 49

Calculate the potentials...
Obtain community median...
Data saved to file.
Obtain the external medians...
IT: 50

Calculate the potentials...
Obtain community median...
Data saved to file.
Obtain the external medians...
IT: 51

Calculate the potentials...
Obtain community median...
Data saved to file.
Obtain the external medians...
IT: 52

Calculate the potentials...
Obtain community median...
Data saved to file.
Obtain the external medians...
IT: 53

Calculate the potentials...
Obtain community median...
Data saved to file.
Obtain the external medians...
IT: 54

Calculate the potentials...
Obtain community median...
Data saved to file.
Obtain the external medians...
IT: 55

Calculate the potentials...
Obtain community median...
Data saved to file.
Obtain the external medians...
IT: 56

Calculate the potentials...
Obtain community median...
Data saved to file.
Obtain the external medians...
IT: 57

Calculate the potentials...
Obtain community median...
Data saved to file.
Obtain the external medians...
IT: 58

Calculate the potentials...
Obtain community median...
Data saved to file.
Obtain the external medians...
IT: 59

Calculate the potentials...
Obtain community median...
Data saved to file.
Obtain the external medians...
IT: 60

Calculate the potentials...
Obtain community median...
Data saved to file.
Obtain the external medians...
IT: 61

Calculate the potentials...
Obtain community median...
Data saved to file.
Obtain the external medians...
IT: 62

Calculate the potentials...
Obtain community median...
Data saved to file.
Obtain the external medians...
IT: 63

Calculate the potentials...
Obtain community median...
Data saved to file.
Obtain the external medians...
IT: 64

Calculate the potentials...
Obtain community median...
Data saved to file.
Obtain the external medians...
IT: 65

Calculate the potentials...
Obtain community median...
Data saved to file.
Obtain the external medians...
IT: 66

Calculate the potentials...
Obtain community median...
p/q: [0.04835429 0.04835429]/2.4816827537328672e-05
The length of the cut: 21
The degrees on the cut: Counter({1: 42})
The excess inner degrees: [{38: 58, 69: 48, 124: 42, 131: 47, 142: 52, 179: 35, 307: 61, 360: 64, 458: 50, 530: 51, 577: 48, 581: 55, 651: 53, 668: 39, 681: 38, 695: 48, 764: 40, 797: 50, 874: 57, 967: 29, 993: 52}, {1534: 54, 1457: 42, 1512: 53, 1087: 55, 1255: 44, 1209: 49, 1102: 44, 1972: 39, 1655: 57, 1698: 37, 1581: 36, 1771: 46, 1600: 56, 1472: 67, 1321: 52, 1643: 51, 1351: 44, 1658: 46, 1952: 43, 1303: 51, 1025: 52}]
The min degree: 24
n of faulty nodes: 42
n of redundant nodes: 150
IT: 0

Calculate the potentials...
Obtain community median...
Data saved to file.
Obtain the external medians...
IT: 1

Calculate the potentials...
Obtain community median...
Data saved to file.
Obtain the external medians...
IT: 2

Calculate the potentials...
Obtain community median...
Data saved to file.
Obtain the external medians...
IT: 3

Calculate the potentials...
Obtain community median...
Data saved to file.
Obtain the external medians...
IT: 4

Calculate the potentials...
Obtain community median...
Data saved to file.
Obtain the external medians...
IT: 5

Calculate the potentials...
Obtain community median...
Data saved to file.
Obtain the external medians...
IT: 6

Calculate the potentials...
Obtain community median...
Data saved to file.
Obtain the external medians...
IT: 7

Calculate the potentials...
Obtain community median...
Data saved to file.
Obtain the external medians...
IT: 8

Calculate the potentials...
Obtain community median...
Data saved to file.
Obtain the external medians...
IT: 9

Calculate the potentials...
Obtain community median...
Data saved to file.
Obtain the external medians...
IT: 10

Calculate the potentials...
Obtain community median...
Data saved to file.
Obtain the external medians...
IT: 11

Calculate the potentials...
Obtain community median...
Data saved to file.
Obtain the external medians...
IT: 12

Calculate the potentials...
Obtain community median...
Data saved to file.
Obtain the external medians...
IT: 13

Calculate the potentials...
Obtain community median...
Data saved to file.
Obtain the external medians...
IT: 14

Calculate the potentials...
Obtain community median...
Data saved to file.
Obtain the external medians...
IT: 15

Calculate the potentials...
Obtain community median...
Data saved to file.
Obtain the external medians...
IT: 16

Calculate the potentials...
Obtain community median...
Data saved to file.
Obtain the external medians...
IT: 17

Calculate the potentials...
Obtain community median...
Data saved to file.
Obtain the external medians...
IT: 18

Calculate the potentials...
Obtain community median...
Data saved to file.
Obtain the external medians...
IT: 19

Calculate the potentials...
Obtain community median...
Data saved to file.
Obtain the external medians...
IT: 20

Calculate the potentials...
Obtain community median...
Data saved to file.
Obtain the external medians...
IT: 21

Calculate the potentials...
Obtain community median...
Data saved to file.
Obtain the external medians...
IT: 22

Calculate the potentials...
Obtain community median...
Data saved to file.
Obtain the external medians...
IT: 23

Calculate the potentials...
Obtain community median...
Data saved to file.
Obtain the external medians...
IT: 24

Calculate the potentials...
Obtain community median...
Data saved to file.
Obtain the external medians...
IT: 25

Calculate the potentials...
Obtain community median...
Data saved to file.
Obtain the external medians...
IT: 26

Calculate the potentials...
Obtain community median...
Data saved to file.
Obtain the external medians...
IT: 27

Calculate the potentials...
Obtain community median...
Data saved to file.
Obtain the external medians...
IT: 28

Calculate the potentials...
Obtain community median...
Data saved to file.
Obtain the external medians...
IT: 29

Calculate the potentials...
Obtain community median...
Data saved to file.
Obtain the external medians...
IT: 30

Calculate the potentials...
Obtain community median...
Data saved to file.
Obtain the external medians...
IT: 31

Calculate the potentials...
Obtain community median...
Data saved to file.
Obtain the external medians...
IT: 32

Calculate the potentials...
Obtain community median...
Data saved to file.
Obtain the external medians...
IT: 33

Calculate the potentials...
Obtain community median...
Data saved to file.
Obtain the external medians...
IT: 34

Calculate the potentials...
Obtain community median...
Data saved to file.
Obtain the external medians...
IT: 35

Calculate the potentials...
Obtain community median...
Data saved to file.
Obtain the external medians...
IT: 36

Calculate the potentials...
Obtain community median...
Data saved to file.
Obtain the external medians...
IT: 37

Calculate the potentials...
Obtain community median...
Data saved to file.
Obtain the external medians...
IT: 38

Calculate the potentials...
Obtain community median...
Data saved to file.
Obtain the external medians...
IT: 39

Calculate the potentials...
Obtain community median...
Data saved to file.
Obtain the external medians...
IT: 40

Calculate the potentials...
Obtain community median...
Data saved to file.
Obtain the external medians...
IT: 41

Calculate the potentials...
Obtain community median...
Data saved to file.
Obtain the external medians...
IT: 42

Calculate the potentials...
Obtain community median...
Data saved to file.
Obtain the external medians...
IT: 43

Calculate the potentials...
Obtain community median...
Data saved to file.
Obtain the external medians...
IT: 44

Calculate the potentials...
Obtain community median...
Data saved to file.
Obtain the external medians...
IT: 45

Calculate the potentials...
Obtain community median...
Data saved to file.
Obtain the external medians...
IT: 46

Calculate the potentials...
Obtain community median...
Data saved to file.
Obtain the external medians...
IT: 47

Calculate the potentials...
Obtain community median...
Data saved to file.
Obtain the external medians...
IT: 48

Calculate the potentials...
Obtain community median...
Data saved to file.
Obtain the external medians...
IT: 49

Calculate the potentials...
Obtain community median...
Data saved to file.
Obtain the external medians...
IT: 50

Calculate the potentials...
Obtain community median...
Data saved to file.
Obtain the external medians...
IT: 51

Calculate the potentials...
Obtain community median...
Data saved to file.
Obtain the external medians...
IT: 52

Calculate the potentials...
Obtain community median...
Data saved to file.
Obtain the external medians...
IT: 53

Calculate the potentials...
Obtain community median...
Data saved to file.
Obtain the external medians...
IT: 54

Calculate the potentials...
Obtain community median...
Data saved to file.
Obtain the external medians...
IT: 55

Calculate the potentials...
Obtain community median...
Data saved to file.
Obtain the external medians...
IT: 56

Calculate the potentials...
Obtain community median...
Data saved to file.
Obtain the external medians...
IT: 57

Calculate the potentials...
Obtain community median...
Data saved to file.
Obtain the external medians...
IT: 58

Calculate the potentials...
Obtain community median...
Data saved to file.
Obtain the external medians...
IT: 59

Calculate the potentials...
Obtain community median...
Data saved to file.
Obtain the external medians...
IT: 60

Calculate the potentials...
Obtain community median...
Data saved to file.
Obtain the external medians...
IT: 61

Calculate the potentials...
Obtain community median...
Data saved to file.
Obtain the external medians...
IT: 62

Calculate the potentials...
Obtain community median...
Data saved to file.
Obtain the external medians...
IT: 63

Calculate the potentials...
Obtain community median...
Data saved to file.
Obtain the external medians...
IT: 64

Calculate the potentials...
Obtain community median...
Data saved to file.
Obtain the external medians...
IT: 65

Calculate the potentials...
Obtain community median...
Data saved to file.
Obtain the external medians...
IT: 66

Calculate the potentials...
Obtain community median...
Data saved to file.
Obtain the external medians...
IT: 67

Calculate the potentials...
Obtain community median...
Data saved to file.
Obtain the external medians...
IT: 68

Calculate the potentials...
Obtain community median...
Data saved to file.
Obtain the external medians...
IT: 69

Calculate the potentials...
Obtain community median...
Data saved to file.
Obtain the external medians...
IT: 70

Calculate the potentials...
Obtain community median...
Data saved to file.
Obtain the external medians...
IT: 71

Calculate the potentials...
Obtain community median...
Data saved to file.
Obtain the external medians...
IT: 72

Calculate the potentials...
Obtain community median...
Data saved to file.
Obtain the external medians...
IT: 73

Calculate the potentials...
Obtain community median...
Data saved to file.
Obtain the external medians...
IT: 74

Calculate the potentials...
Obtain community median...
Data saved to file.
Obtain the external medians...
IT: 75

Calculate the potentials...
Obtain community median...
Data saved to file.
Obtain the external medians...
IT: 76

Calculate the potentials...
Obtain community median...
Data saved to file.
Obtain the external medians...
IT: 77

Calculate the potentials...
Obtain community median...
Data saved to file.
Obtain the external medians...
IT: 78

Calculate the potentials...
Obtain community median...
Data saved to file.
Obtain the external medians...
IT: 79

Calculate the potentials...
Obtain community median...
Data saved to file.
Obtain the external medians...
IT: 80

Calculate the potentials...
Obtain community median...
Data saved to file.
Obtain the external medians...
IT: 81

Calculate the potentials...
Obtain community median...
Data saved to file.
Obtain the external medians...
IT: 82

Calculate the potentials...
Obtain community median...
Data saved to file.
Obtain the external medians...
IT: 83

Calculate the potentials...
Obtain community median...
Data saved to file.
Obtain the external medians...
IT: 84

Calculate the potentials...
Obtain community median...
Data saved to file.
Obtain the external medians...
IT: 85

Calculate the potentials...
Obtain community median...
Data saved to file.
Obtain the external medians...
IT: 86

Calculate the potentials...
Obtain community median...
Data saved to file.
Obtain the external medians...
IT: 87

Calculate the potentials...
Obtain community median...
Data saved to file.
Obtain the external medians...
IT: 88

Calculate the potentials...
Obtain community median...
Data saved to file.
Obtain the external medians...
IT: 89

Calculate the potentials...
Obtain community median...
Data saved to file.
Obtain the external medians...
IT: 90

Calculate the potentials...
Obtain community median...
Data saved to file.
Obtain the external medians...
IT: 91

Calculate the potentials...
Obtain community median...
Data saved to file.
Obtain the external medians...
IT: 92

Calculate the potentials...
Obtain community median...
Data saved to file.
Obtain the external medians...
IT: 93

Calculate the potentials...
Obtain community median...
Data saved to file.
Obtain the external medians...
IT: 94

Calculate the potentials...
Obtain community median...
Data saved to file.
Obtain the external medians...
IT: 95

Calculate the potentials...
Obtain community median...
Data saved to file.
Obtain the external medians...
IT: 96

Calculate the potentials...
Obtain community median...
Data saved to file.
Obtain the external medians...
IT: 97

Calculate the potentials...
Obtain community median...
Data saved to file.
Obtain the external medians...
IT: 98

Calculate the potentials...
Obtain community median...
Data saved to file.
Obtain the external medians...
IT: 99

Calculate the potentials...
Obtain community median...
Data saved to file.
Obtain the external medians...
Data saved to file.
Data saved to file.
Obtain the external medians...
IT: 67

Calculate the potentials...
Obtain community median...
Data saved to file.
Obtain the external medians...
IT: 68

Calculate the potentials...
Obtain community median...
Data saved to file.
Obtain the external medians...
IT: 69

Calculate the potentials...
Obtain community median...
Data saved to file.
Obtain the external medians...
IT: 70

Calculate the potentials...
Obtain community median...
Data saved to file.
Obtain the external medians...
IT: 71

Calculate the potentials...
Obtain community median...
Data saved to file.
Obtain the external medians...
IT: 72

Calculate the potentials...
Obtain community median...
Data saved to file.
Obtain the external medians...
IT: 73

Calculate the potentials...
Obtain community median...
Data saved to file.
Obtain the external medians...
IT: 74

Calculate the potentials...
Obtain community median...
Data saved to file.
Obtain the external medians...
IT: 75

Calculate the potentials...
Obtain community median...
Data saved to file.
Obtain the external medians...
IT: 76

Calculate the potentials...
Obtain community median...
Data saved to file.
Obtain the external medians...
IT: 77

Calculate the potentials...
Obtain community median...
Data saved to file.
Obtain the external medians...
IT: 78

Calculate the potentials...
Obtain community median...
Data saved to file.
Obtain the external medians...
IT: 79

Calculate the potentials...
Obtain community median...
Data saved to file.
Obtain the external medians...
IT: 80

Calculate the potentials...
Obtain community median...
Data saved to file.
Obtain the external medians...
IT: 81

Calculate the potentials...
Obtain community median...
Data saved to file.
Obtain the external medians...
IT: 82

Calculate the potentials...
Obtain community median...
Data saved to file.
Obtain the external medians...
IT: 83

Calculate the potentials...
Obtain community median...
Data saved to file.
Obtain the external medians...
IT: 84

Calculate the potentials...
Obtain community median...
Data saved to file.
Obtain the external medians...
IT: 85

Calculate the potentials...
Obtain community median...
Data saved to file.
Obtain the external medians...
IT: 86

Calculate the potentials...
Obtain community median...
Data saved to file.
Obtain the external medians...
IT: 87

Calculate the potentials...
Obtain community median...
Data saved to file.
Obtain the external medians...
IT: 88

Calculate the potentials...
Obtain community median...
Data saved to file.
Obtain the external medians...
IT: 89

Calculate the potentials...
Obtain community median...
Data saved to file.
Obtain the external medians...
IT: 90

Calculate the potentials...
Obtain community median...
Data saved to file.
Obtain the external medians...
IT: 91

Calculate the potentials...
Obtain community median...
Data saved to file.
Obtain the external medians...
IT: 92

Calculate the potentials...
Obtain community median...
Data saved to file.
Obtain the external medians...
IT: 93

Calculate the potentials...
Obtain community median...
Data saved to file.
Obtain the external medians...
IT: 94

Calculate the potentials...
Obtain community median...
Data saved to file.
Obtain the external medians...
IT: 95

Calculate the potentials...
Obtain community median...
Data saved to file.
Obtain the external medians...
IT: 96

Calculate the potentials...
Obtain community median...
Data saved to file.
Obtain the external medians...
IT: 97

Calculate the potentials...
Obtain community median...
Data saved to file.
Obtain the external medians...
IT: 98

Calculate the potentials...
Obtain community median...
Data saved to file.
Obtain the external medians...
IT: 99

Calculate the potentials...
Obtain community median...
Data saved to file.
Obtain the external medians...
Data saved to file.
Data saved to file.
Obtain the external medians...
IT: 67

Calculate the potentials...
Obtain community median...
Data saved to file.
Obtain the external medians...
IT: 68

Calculate the potentials...
Obtain community median...
Data saved to file.
Obtain the external medians...
IT: 69

Calculate the potentials...
Obtain community median...
Data saved to file.
Obtain the external medians...
IT: 70

Calculate the potentials...
Obtain community median...
Data saved to file.
Obtain the external medians...
IT: 71

Calculate the potentials...
Obtain community median...
Data saved to file.
Obtain the external medians...
IT: 72

Calculate the potentials...
Obtain community median...
Data saved to file.
Obtain the external medians...
IT: 73

Calculate the potentials...
Obtain community median...
Data saved to file.
Obtain the external medians...
IT: 74

Calculate the potentials...
Obtain community median...
Data saved to file.
Obtain the external medians...
IT: 75

Calculate the potentials...
Obtain community median...
Data saved to file.
Obtain the external medians...
IT: 76

Calculate the potentials...
Obtain community median...
Data saved to file.
Obtain the external medians...
IT: 77

Calculate the potentials...
Obtain community median...
Data saved to file.
Obtain the external medians...
IT: 78

Calculate the potentials...
Obtain community median...
Data saved to file.
Obtain the external medians...
IT: 79

Calculate the potentials...
Obtain community median...
Data saved to file.
Obtain the external medians...
IT: 80

Calculate the potentials...
Obtain community median...
Data saved to file.
Obtain the external medians...
IT: 81

Calculate the potentials...
Obtain community median...
Data saved to file.
Obtain the external medians...
IT: 82

Calculate the potentials...
Obtain community median...
Data saved to file.
Obtain the external medians...
IT: 83

Calculate the potentials...
Obtain community median...
Data saved to file.
Obtain the external medians...
IT: 84

Calculate the potentials...
Obtain community median...
Data saved to file.
Obtain the external medians...
IT: 85

Calculate the potentials...
Obtain community median...
Data saved to file.
Obtain the external medians...
IT: 86

Calculate the potentials...
Obtain community median...
Data saved to file.
Obtain the external medians...
IT: 87

Calculate the potentials...
Obtain community median...
Data saved to file.
Obtain the external medians...
IT: 88

Calculate the potentials...
Obtain community median...
Data saved to file.
Obtain the external medians...
IT: 89

Calculate the potentials...
Obtain community median...
Data saved to file.
Obtain the external medians...
IT: 90

Calculate the potentials...
Obtain community median...
Data saved to file.
Obtain the external medians...
IT: 91

Calculate the potentials...
Obtain community median...
Data saved to file.
Obtain the external medians...
IT: 92

Calculate the potentials...
Obtain community median...
Data saved to file.
Obtain the external medians...
IT: 93

Calculate the potentials...
Obtain community median...
Data saved to file.
Obtain the external medians...
IT: 94

Calculate the potentials...
Obtain community median...
Data saved to file.
Obtain the external medians...
IT: 95

Calculate the potentials...
Obtain community median...
Data saved to file.
Obtain the external medians...
IT: 96

Calculate the potentials...
Obtain community median...
Data saved to file.
Obtain the external medians...
IT: 97

Calculate the potentials...
Obtain community median...
Data saved to file.
Obtain the external medians...
IT: 98

Calculate the potentials...
Obtain community median...
Data saved to file.
Obtain the external medians...
IT: 99

Calculate the potentials...
Obtain community median...
Data saved to file.
Obtain the external medians...
Data saved to file.
Data saved to file.
Obtain the external medians...
IT: 67

Calculate the potentials...
Obtain community median...
Data saved to file.
Obtain the external medians...
IT: 68

Calculate the potentials...
Obtain community median...
Data saved to file.
Obtain the external medians...
IT: 69

Calculate the potentials...
Obtain community median...
Data saved to file.
Obtain the external medians...
IT: 70

Calculate the potentials...
Obtain community median...
Data saved to file.
Obtain the external medians...
IT: 71

Calculate the potentials...
Obtain community median...
Data saved to file.
Obtain the external medians...
IT: 72

Calculate the potentials...
Obtain community median...
Data saved to file.
Obtain the external medians...
IT: 73

Calculate the potentials...
Obtain community median...
Data saved to file.
Obtain the external medians...
IT: 74

Calculate the potentials...
Obtain community median...
Data saved to file.
Obtain the external medians...
IT: 75

Calculate the potentials...
Obtain community median...
Data saved to file.
Obtain the external medians...
IT: 76

Calculate the potentials...
Obtain community median...
Data saved to file.
Obtain the external medians...
IT: 77

Calculate the potentials...
Obtain community median...
Data saved to file.
Obtain the external medians...
IT: 78

Calculate the potentials...
Obtain community median...
Data saved to file.
Obtain the external medians...
IT: 79

Calculate the potentials...
Obtain community median...
Data saved to file.
Obtain the external medians...
IT: 80

Calculate the potentials...
Obtain community median...
Data saved to file.
Obtain the external medians...
IT: 81

Calculate the potentials...
Obtain community median...
Data saved to file.
Obtain the external medians...
IT: 82

Calculate the potentials...
Obtain community median...
Data saved to file.
Obtain the external medians...
IT: 83

Calculate the potentials...
Obtain community median...
Data saved to file.
Obtain the external medians...
IT: 84

Calculate the potentials...
Obtain community median...
Data saved to file.
Obtain the external medians...
IT: 85

Calculate the potentials...
Obtain community median...
Data saved to file.
Obtain the external medians...
IT: 86

Calculate the potentials...
Obtain community median...
Data saved to file.
Obtain the external medians...
IT: 87

Calculate the potentials...
Obtain community median...
Data saved to file.
Obtain the external medians...
IT: 88

Calculate the potentials...
Obtain community median...
Data saved to file.
Obtain the external medians...
IT: 89

Calculate the potentials...
Obtain community median...
Data saved to file.
Obtain the external medians...
IT: 90

Calculate the potentials...
Obtain community median...
Data saved to file.
Obtain the external medians...
IT: 91

Calculate the potentials...
Obtain community median...
Data saved to file.
Obtain the external medians...
IT: 92

Calculate the potentials...
Obtain community median...
Data saved to file.
Obtain the external medians...
IT: 93

Calculate the potentials...
Obtain community median...
Data saved to file.
Obtain the external medians...
IT: 94

Calculate the potentials...
Obtain community median...
Data saved to file.
Obtain the external medians...
IT: 95

Calculate the potentials...
Obtain community median...
Data saved to file.
Obtain the external medians...
IT: 96

Calculate the potentials...
Obtain community median...
Data saved to file.
Obtain the external medians...
IT: 97

Calculate the potentials...
Obtain community median...
Data saved to file.
Obtain the external medians...
IT: 98

Calculate the potentials...
Obtain community median...
Data saved to file.
Obtain the external medians...
IT: 99

Calculate the potentials...
Obtain community median...
Data saved to file.
Obtain the external medians...
Data saved to file.
Data saved to file.
Obtain the external medians...
IT: 67

Calculate the potentials...
Obtain community median...
Data saved to file.
Obtain the external medians...
IT: 68

Calculate the potentials...
Obtain community median...
Data saved to file.
Obtain the external medians...
IT: 69

Calculate the potentials...
Obtain community median...
Data saved to file.
Obtain the external medians...
IT: 70

Calculate the potentials...
Obtain community median...
Data saved to file.
Obtain the external medians...
IT: 71

Calculate the potentials...
Obtain community median...
Data saved to file.
Obtain the external medians...
IT: 72

Calculate the potentials...
Obtain community median...
Data saved to file.
Obtain the external medians...
IT: 73

Calculate the potentials...
Obtain community median...
Data saved to file.
Obtain the external medians...
IT: 74

Calculate the potentials...
Obtain community median...
Data saved to file.
Obtain the external medians...
IT: 75

Calculate the potentials...
Obtain community median...
Data saved to file.
Obtain the external medians...
IT: 76

Calculate the potentials...
Obtain community median...
Data saved to file.
Obtain the external medians...
IT: 77

Calculate the potentials...
Obtain community median...
Data saved to file.
Obtain the external medians...
IT: 78

Calculate the potentials...
Obtain community median...
Data saved to file.
Obtain the external medians...
IT: 79

Calculate the potentials...
Obtain community median...
Data saved to file.
Obtain the external medians...
IT: 80

Calculate the potentials...
Obtain community median...
Data saved to file.
Obtain the external medians...
IT: 81

Calculate the potentials...
Obtain community median...
Data saved to file.
Obtain the external medians...
IT: 82

Calculate the potentials...
Obtain community median...
Data saved to file.
Obtain the external medians...
IT: 83

Calculate the potentials...
Obtain community median...
Data saved to file.
Obtain the external medians...
IT: 84

Calculate the potentials...
Obtain community median...
Data saved to file.
Obtain the external medians...
IT: 85

Calculate the potentials...
Obtain community median...
Data saved to file.
Obtain the external medians...
IT: 86

Calculate the potentials...
Obtain community median...
Data saved to file.
Obtain the external medians...
IT: 87

Calculate the potentials...
Obtain community median...
Data saved to file.
Obtain the external medians...
IT: 88

Calculate the potentials...
Obtain community median...
Data saved to file.
Obtain the external medians...
IT: 89

Calculate the potentials...
Obtain community median...
Data saved to file.
Obtain the external medians...
IT: 90

Calculate the potentials...
Obtain community median...
Data saved to file.
Obtain the external medians...
IT: 91

Calculate the potentials...
Obtain community median...
Data saved to file.
Obtain the external medians...
IT: 92

Calculate the potentials...
Obtain community median...
Data saved to file.
Obtain the external medians...
IT: 93

Calculate the potentials...
Obtain community median...
Data saved to file.
Obtain the external medians...
IT: 94

Calculate the potentials...
Obtain community median...
Data saved to file.
Obtain the external medians...
IT: 95

Calculate the potentials...
Obtain community median...
Data saved to file.
Obtain the external medians...
IT: 96

Calculate the potentials...
Obtain community median...
Data saved to file.
Obtain the external medians...
IT: 97

Calculate the potentials...
Obtain community median...
Data saved to file.
Obtain the external medians...
IT: 98

Calculate the potentials...
Obtain community median...
Data saved to file.
Obtain the external medians...
IT: 99

Calculate the potentials...
Obtain community median...
Data saved to file.
Obtain the external medians...
Data saved to file.
Data saved to file.
Obtain the external medians...
IT: 67

Calculate the potentials...
Obtain community median...
Data saved to file.
Obtain the external medians...
IT: 68

Calculate the potentials...
Obtain community median...
Data saved to file.
Obtain the external medians...
IT: 69

Calculate the potentials...
Obtain community median...
Data saved to file.
Obtain the external medians...
IT: 70

Calculate the potentials...
Obtain community median...
Data saved to file.
Obtain the external medians...
IT: 71

Calculate the potentials...
Obtain community median...
Data saved to file.
Obtain the external medians...
IT: 72

Calculate the potentials...
Obtain community median...
Data saved to file.
Obtain the external medians...
IT: 73

Calculate the potentials...
Obtain community median...
Data saved to file.
Obtain the external medians...
IT: 74

Calculate the potentials...
Obtain community median...
Data saved to file.
Obtain the external medians...
IT: 75

Calculate the potentials...
Obtain community median...
Data saved to file.
Obtain the external medians...
IT: 76

Calculate the potentials...
Obtain community median...
Data saved to file.
Obtain the external medians...
IT: 77

Calculate the potentials...
Obtain community median...
Data saved to file.
Obtain the external medians...
IT: 78

Calculate the potentials...
Obtain community median...
Data saved to file.
Obtain the external medians...
IT: 79

Calculate the potentials...
Obtain community median...
Data saved to file.
Obtain the external medians...
IT: 80

Calculate the potentials...
Obtain community median...
Data saved to file.
Obtain the external medians...
IT: 81

Calculate the potentials...
Obtain community median...
Data saved to file.
Obtain the external medians...
IT: 82

Calculate the potentials...
Obtain community median...
Data saved to file.
Obtain the external medians...
IT: 83

Calculate the potentials...
Obtain community median...
Data saved to file.
Obtain the external medians...
IT: 84

Calculate the potentials...
Obtain community median...
Data saved to file.
Obtain the external medians...
IT: 85

Calculate the potentials...
Obtain community median...
Data saved to file.
Obtain the external medians...
IT: 86

Calculate the potentials...
Obtain community median...
Data saved to file.
Obtain the external medians...
IT: 87

Calculate the potentials...
Obtain community median...
Data saved to file.
Obtain the external medians...
IT: 88

Calculate the potentials...
Obtain community median...
Data saved to file.
Obtain the external medians...
IT: 89

Calculate the potentials...
Obtain community median...
Data saved to file.
Obtain the external medians...
IT: 90

Calculate the potentials...
Obtain community median...
Data saved to file.
Obtain the external medians...
IT: 91

Calculate the potentials...
Obtain community median...
Data saved to file.
Obtain the external medians...
IT: 92

Calculate the potentials...
Obtain community median...
Data saved to file.
Obtain the external medians...
IT: 93

Calculate the potentials...
Obtain community median...
Data saved to file.
Obtain the external medians...
IT: 94

Calculate the potentials...
Obtain community median...
Data saved to file.
Obtain the external medians...
IT: 95

Calculate the potentials...
Obtain community median...
Data saved to file.
Obtain the external medians...
IT: 96

Calculate the potentials...
Obtain community median...
Data saved to file.
Obtain the external medians...
IT: 97

Calculate the potentials...
Obtain community median...
Data saved to file.
Obtain the external medians...
IT: 98

Calculate the potentials...
Obtain community median...
Data saved to file.
Obtain the external medians...
IT: 99

Calculate the potentials...
Obtain community median...
Data saved to file.
Obtain the external medians...
Data saved to file.
Data saved to file.
Obtain the external medians...
IT: 67

Calculate the potentials...
Obtain community median...
Data saved to file.
Obtain the external medians...
IT: 68

Calculate the potentials...
Obtain community median...
Data saved to file.
Obtain the external medians...
IT: 69

Calculate the potentials...
Obtain community median...
Data saved to file.
Obtain the external medians...
IT: 70

Calculate the potentials...
Obtain community median...
Data saved to file.
Obtain the external medians...
IT: 71

Calculate the potentials...
Obtain community median...
Data saved to file.
Obtain the external medians...
IT: 72

Calculate the potentials...
Obtain community median...
Data saved to file.
Obtain the external medians...
IT: 73

Calculate the potentials...
Obtain community median...
Data saved to file.
Obtain the external medians...
IT: 74

Calculate the potentials...
Obtain community median...
Data saved to file.
Obtain the external medians...
IT: 75

Calculate the potentials...
Obtain community median...
Data saved to file.
Obtain the external medians...
IT: 76

Calculate the potentials...
Obtain community median...
Data saved to file.
Obtain the external medians...
IT: 77

Calculate the potentials...
Obtain community median...
Data saved to file.
Obtain the external medians...
IT: 78

Calculate the potentials...
Obtain community median...
Data saved to file.
Obtain the external medians...
IT: 79

Calculate the potentials...
Obtain community median...
Data saved to file.
Obtain the external medians...
IT: 80

Calculate the potentials...
Obtain community median...
Data saved to file.
Obtain the external medians...
IT: 81

Calculate the potentials...
Obtain community median...
Data saved to file.
Obtain the external medians...
IT: 82

Calculate the potentials...
Obtain community median...
Data saved to file.
Obtain the external medians...
IT: 83

Calculate the potentials...
Obtain community median...
Data saved to file.
Obtain the external medians...
IT: 84

Calculate the potentials...
Obtain community median...
Data saved to file.
Obtain the external medians...
IT: 85

Calculate the potentials...
Obtain community median...
Data saved to file.
Obtain the external medians...
IT: 86

Calculate the potentials...
Obtain community median...
Data saved to file.
Obtain the external medians...
IT: 87

Calculate the potentials...
Obtain community median...
Data saved to file.
Obtain the external medians...
IT: 88

Calculate the potentials...
Obtain community median...
Data saved to file.
Obtain the external medians...
IT: 89

Calculate the potentials...
Obtain community median...
Data saved to file.
Obtain the external medians...
IT: 90

Calculate the potentials...
Obtain community median...
Data saved to file.
Obtain the external medians...
IT: 91

Calculate the potentials...
Obtain community median...
Data saved to file.
Obtain the external medians...
IT: 92

Calculate the potentials...
Obtain community median...
Data saved to file.
Obtain the external medians...
IT: 93

Calculate the potentials...
Obtain community median...
Data saved to file.
Obtain the external medians...
IT: 94

Calculate the potentials...
Obtain community median...
Data saved to file.
Obtain the external medians...
IT: 95

Calculate the potentials...
Obtain community median...
Data saved to file.
Obtain the external medians...
IT: 96

Calculate the potentials...
Obtain community median...
Data saved to file.
Obtain the external medians...
IT: 97

Calculate the potentials...
Obtain community median...
Data saved to file.
Obtain the external medians...
IT: 98

Calculate the potentials...
Obtain community median...
Data saved to file.
Obtain the external medians...
IT: 99

Calculate the potentials...
Obtain community median...
Data saved to file.
Obtain the external medians...
Data saved to file.
Data saved to file.
Obtain the external medians...
IT: 67

Calculate the potentials...
Obtain community median...
Data saved to file.
Obtain the external medians...
IT: 68

Calculate the potentials...
Obtain community median...
Data saved to file.
Obtain the external medians...
IT: 69

Calculate the potentials...
Obtain community median...
Data saved to file.
Obtain the external medians...
IT: 70

Calculate the potentials...
Obtain community median...
Data saved to file.
Obtain the external medians...
IT: 71

Calculate the potentials...
Obtain community median...
Data saved to file.
Obtain the external medians...
IT: 72

Calculate the potentials...
Obtain community median...
Data saved to file.
Obtain the external medians...
IT: 73

Calculate the potentials...
Obtain community median...
Data saved to file.
Obtain the external medians...
IT: 74

Calculate the potentials...
Obtain community median...
Data saved to file.
Obtain the external medians...
IT: 75

Calculate the potentials...
Obtain community median...
Data saved to file.
Obtain the external medians...
IT: 76

Calculate the potentials...
Obtain community median...
Data saved to file.
Obtain the external medians...
IT: 77

Calculate the potentials...
Obtain community median...
Data saved to file.
Obtain the external medians...
IT: 78

Calculate the potentials...
Obtain community median...
Data saved to file.
Obtain the external medians...
IT: 79

Calculate the potentials...
Obtain community median...
Data saved to file.
Obtain the external medians...
IT: 80

Calculate the potentials...
Obtain community median...
Data saved to file.
Obtain the external medians...
IT: 81

Calculate the potentials...
Obtain community median...
Data saved to file.
Obtain the external medians...
IT: 82

Calculate the potentials...
Obtain community median...
Data saved to file.
Obtain the external medians...
IT: 83

Calculate the potentials...
Obtain community median...
Data saved to file.
Obtain the external medians...
IT: 84

Calculate the potentials...
Obtain community median...
Data saved to file.
Obtain the external medians...
IT: 85

Calculate the potentials...
Obtain community median...
Data saved to file.
Obtain the external medians...
IT: 86

Calculate the potentials...
Obtain community median...
Data saved to file.
Obtain the external medians...
IT: 87

Calculate the potentials...
Obtain community median...
Data saved to file.
Obtain the external medians...
IT: 88

Calculate the potentials...
Obtain community median...
Data saved to file.
Obtain the external medians...
IT: 89

Calculate the potentials...
Obtain community median...
Data saved to file.
Obtain the external medians...
IT: 90

Calculate the potentials...
Obtain community median...
Data saved to file.
Obtain the external medians...
IT: 91

Calculate the potentials...
Obtain community median...
Data saved to file.
Obtain the external medians...
IT: 92

Calculate the potentials...
Obtain community median...
Data saved to file.
Obtain the external medians...
IT: 93

Calculate the potentials...
Obtain community median...
Data saved to file.
Obtain the external medians...
IT: 94

Calculate the potentials...
Obtain community median...
Data saved to file.
Obtain the external medians...
IT: 95

Calculate the potentials...
Obtain community median...
Data saved to file.
Obtain the external medians...
IT: 96

Calculate the potentials...
Obtain community median...
Data saved to file.
Obtain the external medians...
IT: 97

Calculate the potentials...
Obtain community median...
Data saved to file.
Obtain the external medians...
IT: 98

Calculate the potentials...
Obtain community median...
Data saved to file.
Obtain the external medians...
IT: 99

Calculate the potentials...
Obtain community median...
Data saved to file.
Obtain the external medians...
Data saved to file.
